1490900168012: Server running at: http://localhost:3000
1490900168067: Executing (default): CREATE OR REPLACE VIEW active_patients AS
        SELECT *
        FROM patient
        WHERE deletedAt IS NULL
1490901003739: Executing (default): SELECT `id`, `username`, `role`, `passwordHash`, `createdAt`, `updatedAt`, `deletedAt` FROM `user` AS `user` WHERE (`user`.`deletedAt` IS NULL AND `user`.`username` = 'dipak') LIMIT 1;
1490901003837: Executing (default): SELECT t.*, s.StageId, count(1) as recruitedCount from trial t, stage s INNER JOIN patients pa ON s.StageId = pa.StageIdFK  WHERE t.TrialId = s.trialId GROUP BY s.StageId;
1490901003841: Testing
1490901003845: [ { TrialId: '2',
    Name: 'Epilepsy',
    Description: 'Weekly Survey for Sickle Cell Disease pain',
    IRBID: 'scd01',
    IRBStart: 2015-11-09T09:29:38.000Z,
    IRBEnd: 2016-12-25T09:29:38.000Z,
    TargetCount: 100,
    PatientPinCounter: 16,
    CreatedAt: 2016-05-18T21:15:56.000Z,
    UpdatedAt: 2016-05-31T21:12:26.000Z,
    DeletedAt: null,
    Duration: 6,
    StageId: '1',
    recruitedCount: 37 } ]
1490901003845: Trail from process percent
1490901003846: { TrialId: '2',
  Name: 'Epilepsy',
  Description: 'Weekly Survey for Sickle Cell Disease pain',
  IRBID: 'scd01',
  IRBStart: 2015-11-09T09:29:38.000Z,
  IRBEnd: 2016-12-25T09:29:38.000Z,
  TargetCount: 100,
  PatientPinCounter: 16,
  CreatedAt: 2016-05-18T21:15:56.000Z,
  UpdatedAt: 2016-05-31T21:12:26.000Z,
  DeletedAt: null,
  Duration: 6,
  StageId: '1',
  recruitedCount: 37 }
1490901003846: logging all percent
1490901003846: { recruitedPercent: 37,
  unrecruitedPercent: 63,
  completedPercent: NaN,
  activePercent: NaN }
1490901003847: Trial data is below
1490901003848: [ { TrialId: '2',
    Name: 'Epilepsy',
    Description: 'Weekly Survey for Sickle Cell Disease pain',
    IRBID: 'scd01',
    IRBStart: 2015-11-09T09:29:38.000Z,
    IRBEnd: 2016-12-25T09:29:38.000Z,
    TargetCount: 100,
    PatientPinCounter: 16,
    CreatedAt: 2016-05-18T21:15:56.000Z,
    UpdatedAt: 2016-05-31T21:12:26.000Z,
    DeletedAt: null,
    Duration: 6,
    StageId: '1',
    recruitedCount: 37,
    name: 'Epilepsy',
    start: '2015-11-09',
    end: '2016-12-25',
    recruitedPercent: 37,
    unrecruitedPercent: 63,
    activePercent: NaN,
    completedPercent: NaN } ]
1490901010094: Executing (default): SELECT `id`, `username`, `role`, `passwordHash`, `createdAt`, `updatedAt`, `deletedAt` FROM `user` AS `user` WHERE (`user`.`deletedAt` IS NULL AND `user`.`username` = 'dipak') LIMIT 1;
1490901010175: [ '3021', 'task1' ]
