1490814147765: You have triggered an unhandledRejection, you may have forgotten to catch a Promise rejection:
SequelizeDatabaseError: ER_NO_SUCH_TABLE: Table 'epilepsy_development.patient' doesn't exist
    at Query.formatError (/Users/dpurbey/Desktop/sem-2/ser590/Epilepsy/Portal/node_modules/sequelize/lib/dialects/mysql/query.js:175:14)
    at Query._callback (/Users/dpurbey/Desktop/sem-2/ser590/Epilepsy/Portal/node_modules/sequelize/lib/dialects/mysql/query.js:49:21)
    at Query.Sequence.end (/Users/dpurbey/Desktop/sem-2/ser590/Epilepsy/Portal/node_modules/mysql/lib/protocol/sequences/Sequence.js:86:24)
    at Query.ErrorPacket (/Users/dpurbey/Desktop/sem-2/ser590/Epilepsy/Portal/node_modules/mysql/lib/protocol/sequences/Query.js:88:8)
    at Protocol._parsePacket (/Users/dpurbey/Desktop/sem-2/ser590/Epilepsy/Portal/node_modules/mysql/lib/protocol/Protocol.js:280:23)
    at Parser.write (/Users/dpurbey/Desktop/sem-2/ser590/Epilepsy/Portal/node_modules/mysql/lib/protocol/Parser.js:75:12)
    at Protocol.write (/Users/dpurbey/Desktop/sem-2/ser590/Epilepsy/Portal/node_modules/mysql/lib/protocol/Protocol.js:39:16)
    at Socket.<anonymous> (/Users/dpurbey/Desktop/sem-2/ser590/Epilepsy/Portal/node_modules/mysql/lib/Connection.js:103:28)
    at emitOne (events.js:96:13)
    at Socket.emit (events.js:188:7)
    at readableAddChunk (_stream_readable.js:176:18)
    at Socket.Readable.push (_stream_readable.js:134:10)
    at TCP.onread (net.js:548:20)
1490814151116: Debug: internal, implementation, error 
    Error: Must pass iterator to #each: Must pass iterator to #each
    at Object.<anonymous> (/Users/dpurbey/Desktop/sem-2/ser590/Epilepsy/Portal/node_modules/handlebars/dist/cjs/handlebars/helpers/each.js:17:13)
    at Object.eval (eval at createFunctionContext (/Users/dpurbey/Desktop/sem-2/ser590/Epilepsy/Portal/node_modules/handlebars/dist/cjs/handlebars/compiler/javascript-compiler.js:254:23), <anonymous>:6:31)
    at main (/Users/dpurbey/Desktop/sem-2/ser590/Epilepsy/Portal/node_modules/handlebars/dist/cjs/handlebars/runtime.js:173:32)
    at ret (/Users/dpurbey/Desktop/sem-2/ser590/Epilepsy/Portal/node_modules/handlebars/dist/cjs/handlebars/runtime.js:176:12)
    at ret (/Users/dpurbey/Desktop/sem-2/ser590/Epilepsy/Portal/node_modules/handlebars/dist/cjs/handlebars/compiler/compiler.js:525:21)
    at Object.renderer (/Users/dpurbey/Desktop/sem-2/ser590/Epilepsy/Portal/node_modules/vision/lib/manager.js:141:36)
    at internals.Manager._render (/Users/dpurbey/Desktop/sem-2/ser590/Epilepsy/Portal/node_modules/vision/lib/manager.js:489:14)
    at Object.internals.marshal (/Users/dpurbey/Desktop/sem-2/ser590/Epilepsy/Portal/node_modules/vision/lib/manager.js:577:13)
    at internals.Response._marshal (/Users/dpurbey/Desktop/sem-2/ser590/Epilepsy/Portal/node_modules/hapi/lib/response.js:473:22)
    at internals.state (/Users/dpurbey/Desktop/sem-2/ser590/Epilepsy/Portal/node_modules/hapi/lib/transmit.js:132:18)
    at Items.parallel (/Users/dpurbey/Desktop/sem-2/ser590/Epilepsy/Portal/node_modules/hapi/lib/transmit.js:549:20)
    at Object.exports.parallel (/Users/dpurbey/Desktop/sem-2/ser590/Epilepsy/Portal/node_modules/hapi/node_modules/items/lib/index.js:47:9)
    at Object.internals.state (/Users/dpurbey/Desktop/sem-2/ser590/Epilepsy/Portal/node_modules/hapi/lib/transmit.js:542:11)
    at Object.internals.marshal (/Users/dpurbey/Desktop/sem-2/ser590/Epilepsy/Portal/node_modules/hapi/lib/transmit.js:106:15)
    at Object.exports.send (/Users/dpurbey/Desktop/sem-2/ser590/Epilepsy/Portal/node_modules/hapi/lib/transmit.js:30:15)
    at transmit (/Users/dpurbey/Desktop/sem-2/ser590/Epilepsy/Portal/node_modules/hapi/lib/request.js:444:18)
